name=v v 
23:39:10.263249100 37.3 84 8
23:39:11.262488500 37.4 84 8
23:39:12.271393100 37.5 85 8
23:39:13.269641700 37.4 85 8
23:39:14.261515700 37.4 85 8
23:39:15.259505200 37.4 85 8
23:39:16.267713 37.3 85 8
23:39:17.262216300 37.3 86 8
23:39:18.269388300 37.4 86 8
23:39:19.264957100 37.3 87 8
23:39:20.272521400 37.3 88 8
23:39:21.268591900 37.3 88 8
23:39:22.258599 37.3 87 8
23:39:23.262613400 37.3 87 8
23:39:24.267451100 37.4 87 8
23:39:25.262575800 37.4 87 8
23:39:26.268586300 37.4 88 8
23:39:27.266031600 37.4 88 8
23:39:28.258513300 37.4 87 8
23:39:29.272501400 37.4 87 8
23:39:30.264471900 37.4 87 8
23:39:31.259845500 37.4 87 8
23:39:32.273384100 37.3 87 8
23:39:33.265859500 37.3 88 8
23:39:34.267261500 37.4 87 8
23:39:35.266960800 37.4 86 8
23:39:36.259628 37.5 86 8
23:39:37.270498100 37.5 85 8
23:39:38.259440200 37.5 84 8
23:39:39.268615700 37.6 85 8
23:39:40.260565900 37.6 86 8
23:39:41.263834800 37.6 86 8
23:39:42.272551700 37.5 85 8
23:39:43.265743500 37.5 86 8
23:39:44.270391200 37.6 85 8
23:39:45.272229300 37.5 86 8
