name=Соколова Анастасия 
21:57:19.926636200 37.2 71 7
21:57:20.926073300 37.2 70 7
21:57:21.922838600 37.2 70 7
21:57:22.926013100 37.3 70 7
21:57:23.932088900 37.2 71 7
21:57:24.927176700 37.3 71 7
21:57:25.930651600 37.3 71 7
21:57:26.924950400 37.3 70 7
21:57:27.920029500 37.4 71 7
21:57:28.929063100 37.4 71 7
21:57:29.927114 37.4 72 7
21:57:30.922058100 37.4 72 7
23:30:29.057773500 36.4 60 7
23:30:30.066721900 36.5 59 7
23:30:31.061048900 36.4 58 7
23:30:32.069908600 36.4 58 7
23:30:33.066373700 36.4 57 7
23:30:34.060827100 36.4 58 7
23:30:35.070912400 36.4 57 7
23:30:36.060376100 36.4 58 7
23:30:37.066701800 36.4 58 7
23:30:38.064027700 36.5 58 7
23:30:39.061958500 36.5 59 7
23:30:40.067103100 36.5 59 7
23:30:41.058806600 36.6 60 7
23:30:42.072863600 36.7 59 7
23:30:43.070119900 36.7 60 7
23:30:44.061884200 36.6 60 7
23:30:45.069729 36.6 59 7
23:34:09.576836600 37.2 66 9
23:34:10.586915900 37.1 65 9
23:34:11.588004400 37.1 65 9
23:34:12.582858900 37.1 64 9
23:34:13.586769600 37.2 65 9
23:34:14.580006400 37.1 65 9
23:36:00.648638300 36.5 76 7
23:36:01.656218600 36.5 76 7
23:36:02.648301100 36.5 76 7
23:36:03.646279 36.5 76 7
23:36:04.659064800 36.6 76 7
23:36:05.647914200 36.5 77 7
23:36:06.659008500 36.4 78 7
23:36:07.653139500 36.5 78 7
23:36:08.659814600 36.4 78 7
23:36:09.653649 36.4 77 7
23:36:10.654066800 36.5 77 7
23:36:11.649915300 36.6 77 7
23:36:12.658956800 36.6 78 7
23:36:13.648749500 36.6 78 7
23:36:14.656110100 36.7 77 7
23:36:15.649474 36.6 78 7
23:36:16.657828600 36.5 78 7
23:36:17.658863900 36.6 77 7
23:36:18.655634900 36.5 77 7
23:36:19.649730700 36.5 77 7
23:36:20.657582700 36.4 77 7
23:36:21.648727700 36.3 77 7
23:36:22.657106400 36.3 77 7
23:36:23.651934 36.4 76 7
23:36:24.660110300 36.3 76 7
23:36:25.656015500 36.4 75 7
23:36:26.657891200 36.3 76 7
23:36:27.652086500 36.3 76 7
23:36:28.649042500 36.2 75 7
23:36:29.659073700 36.2 74 7
23:36:30.658906500 36.3 75 7
23:36:31.652106300 36.4 76 7
23:36:43.860605 36.7 89 8
23:36:44.859096200 36.6 90 8
23:36:45.865441400 36.7 89 8
23:36:46.873278600 36.6 89 8
23:36:47.867311900 36.5 88 8
23:36:48.864829800 36.4 88 8
23:36:49.870117900 36.4 87 8
23:36:50.861131 36.3 88 8
23:36:51.871218 36.4 88 8
23:36:52.872172800 36.3 88 8
23:36:53.863124400 36.2 88 8
23:36:54.866835 36.3 88 8
23:36:55.869119400 36.4 89 8
23:36:56.865113100 36.3 89 8
23:36:57.860899500 36.3 89 8
23:36:58.872272300 36.3 88 8
23:36:59.862074100 36.4 88 8
23:37:00.861477500 36.4 87 8
23:37:01.872033 36.4 87 8
23:37:02.863114700 36.4 87 8
23:37:03.859332700 36.4 88 8
23:37:04.872101500 36.5 87 8
23:37:05.863707700 36.4 88 8
23:37:06.857845200 36.4 89 8
23:37:07.868410500 36.5 89 8
23:37:08.865246800 36.5 89 8
23:37:09.862308100 36.5 89 8
23:37:10.858269300 36.4 90 8
23:37:11.866190100 36.5 90 8
23:37:12.873329700 36.6 90 8
23:37:13.865221100 36.7 89 8
23:37:14.872029800 36.8 90 8
23:37:15.865491400 36.7 91 8
23:37:16.858173500 36.7 91 8
23:37:17.869409800 36.7 91 8
23:37:18.862376200 36.8 91 8
23:37:19.858861100 36.8 90 8
23:37:20.873354200 36.8 89 8
23:37:21.866584200 36.8 89 8
23:37:22.861198700 36.7 90 8
23:37:23.869283800 36.6 91 8
23:37:24.862311 36.6 92 8
23:37:25.872388300 36.5 92 8
23:37:26.862418900 36.5 93 8
23:37:27.858163900 36.4 93 8
23:37:28.867426900 36.4 93 8
23:37:29.866241700 36.5 93 8
23:37:30.858876500 36.4 93 8
23:37:31.867240600 36.4 94 8
23:37:32.866276 36.4 93 8
23:37:33.870611 36.3 93 8
23:37:34.862366900 36.3 93 8
23:37:35.859321100 36.3 93 8
23:37:36.858416300 36.3 92 8
23:37:37.871407700 36.2 91 8
23:37:38.866314100 36.2 91 8
23:37:39.858120600 36.1 91 8
23:37:40.864932500 36.1 92 8
23:37:41.859996100 36.2 91 8
23:37:42.867759800 36.1 90 8
23:37:43.863211 36.2 89 8
23:37:44.861224300 36.2 88 8
23:37:45.870111100 36.1 88 8
23:37:46.865110700 36.2 88 8
23:37:47.873382 36.1 88 8
23:37:48.870364900 36.1 88 8
23:37:55.989164100 36.7 67 5
23:37:56.988491 36.8 67 5
23:37:57.997360400 36.7 67 5
23:37:58.996932300 36.7 68 5
23:37:59.993826500 36.6 69 5
23:38:01.001390100 36.6 69 5
23:38:01.994557700 36.5 70 5
23:38:02.994976600 36.5 70 5
23:38:03.989744100 36.5 69 5
23:38:04.996861900 36.5 69 5
23:38:05.993569100 36.5 68 5
23:38:06.987611900 36.6 68 5
23:38:08.001079700 36.7 68 5
23:38:08.993743 36.7 68 5
23:38:09.991074700 36.7 68 5
23:38:10.999867900 36.6 68 5
23:38:11.995679800 36.6 67 5
23:38:12.989776700 36.5 67 5
23:38:13.988647 36.4 67 5
23:38:14.994755200 36.3 68 5
23:38:15.989742600 36.4 67 5
23:38:16.998746400 36.3 66 5
23:38:17.991778900 36.3 67 5
00:06:31.972031800 37.1 84 5
00:06:32.977380200 37.2 85 5
00:06:33.972133900 37.2 85 5
00:06:34.982307500 37.2 86 5
00:06:35.970310600 37.2 85 5
00:06:36.975890900 37.2 84 5
00:06:37.978550100 37.2 84 5
00:06:38.981057 37.2 84 5
00:06:39.981086700 37.1 84 5
00:06:40.977241400 37.1 84 5
00:06:41.971202300 37.0 85 5
00:06:42.980305300 36.9 86 5
00:06:43.974311300 37.0 86 5
00:06:44.970193400 37.1 86 5
00:06:45.982180100 37.2 85 5
00:06:46.975575700 37.1 84 5
00:06:47.982305400 37.0 84 5
00:06:48.973484800 37.0 85 5
00:06:49.970955600 37.1 86 5
00:06:50.978403400 37.2 87 5
00:06:51.968938400 37.1 86 5
00:06:52.976076700 37.0 86 5
00:06:53.969018800 37.0 87 5
00:06:54.981543300 37.1 86 5
00:06:55.973547400 37.2 85 5
00:06:56.983556800 37.1 85 5
00:06:57.979899300 37.1 85 5
00:06:58.970199 37.1 85 5
00:06:59.977471100 37.2 85 5
00:07:00.970371800 37.2 85 5
00:07:01.978397600 37.2 85 5
00:07:02.970298 37.2 85 5
00:07:03.978454600 37.2 84 5
00:07:04.970755400 37.2 84 5
00:07:05.977490700 37.2 84 5
00:07:06.971961700 37.1 85 5
00:07:07.982471100 37.1 86 5
00:07:08.973548400 37.0 86 5
00:07:09.981410800 37.0 85 5
00:07:10.974696500 37.0 84 5
00:07:11.984221700 37.0 84 5
00:07:12.976098400 36.9 84 5
00:07:13.969054100 36.8 85 5
00:07:14.974847900 36.7 85 5
00:07:15.982014800 36.6 85 5
00:07:16.974568200 36.6 85 5
00:07:17.981399700 36.7 85 5
00:07:18.973939300 36.7 84 5
00:07:19.983562300 36.8 85 5
00:07:20.972463400 36.7 85 5
00:07:21.981174400 36.7 85 5
00:07:22.972306 36.7 85 5
00:07:23.980274400 36.7 86 5
00:07:24.973501900 36.6 86 5
00:07:25.981162400 36.6 85 5
00:07:26.974251200 36.7 85 5
00:07:27.982916300 36.7 85 5
00:07:28.972892 36.7 86 5
00:07:29.982329 36.8 86 5
00:07:30.978537600 36.9 87 5
00:07:31.969030900 36.9 87 5
00:07:32.969450900 36.9 87 5
00:07:33.973469300 37.0 88 5
00:07:34.982172300 37.0 88 5
00:07:35.972217100 37.0 89 5
00:07:36.970358100 37.0 88 5
00:07:37.984088800 37.0 88 5
00:07:38.974875 37.1 89 5
00:07:39.970058900 37.2 90 5
00:07:40.979405200 37.1 91 5
00:07:41.983561600 37.1 91 5
00:07:42.973622200 37.1 91 5
00:07:43.981566900 37.1 91 5
00:07:44.974322100 37.1 91 5
00:07:45.969333200 37.1 90 5
00:07:46.977573900 37.0 90 5
00:07:47.975976800 37.0 89 5
00:07:48.969994300 37.0 89 5
00:07:49.978885400 36.9 89 5
00:07:50.974459200 36.8 89 5
