name=тест тест 
23:47:49.109605300 36.9 69 5
23:47:50.113445 36.9 70 5
23:47:51.113755500 36.9 70 5
23:47:52.104575100 36.8 70 5
23:47:53.112407400 36.8 70 5
23:47:54.104511600 36.8 70 5
23:47:55.108782700 36.7 71 5
23:47:56.103723700 36.7 70 5
23:47:57.114796200 36.8 69 5
23:47:58.104776200 36.8 68 5
23:47:59.112855800 36.8 69 5
23:48:00.107931600 36.8 70 5
23:48:01.116955600 36.8 71 5
23:48:02.118602900 36.8 71 5
23:48:03.106903100 36.8 70 5
23:48:04.107821600 36.8 70 5
23:48:05.105871600 36.9 70 5
23:48:06.109842700 36.8 70 5
23:48:07.105418700 36.7 69 5
23:48:08.114757400 36.7 69 5
23:48:09.107922600 36.7 70 5
23:48:10.115917700 36.7 70 5
23:48:11.108874700 36.8 69 5
23:48:12.116933200 36.7 68 5
23:48:13.115802400 36.7 67 5
23:48:14.108469300 36.7 67 5
23:48:15.104268100 36.8 66 5
23:48:16.109374600 36.8 67 5
23:48:17.104731 36.9 67 5
23:48:18.116225500 36.9 68 5
23:48:19.110724500 36.9 68 5
23:48:20.116763100 36.9 68 5
23:48:21.106756300 36.8 69 5
23:48:22.114478200 36.8 69 5
23:48:23.109261200 36.8 69 5
23:48:24.107051500 36.9 70 5
23:48:25.114053600 36.9 70 5
23:48:26.105918900 36.8 70 5
23:48:27.114980500 36.9 70 5
23:48:28.110763500 37.0 70 5
23:48:29.103020800 36.9 71 5
23:48:30.108041500 36.9 71 5
23:48:31.117617600 36.9 70 5
23:48:32.107812200 36.8 70 5
23:48:33.118759700 36.8 71 5
23:48:34.108052400 36.7 72 5
23:48:35.114653100 36.6 72 5
23:48:36.106724200 36.7 72 5
23:48:37.109948400 36.7 73 5
23:48:38.110538500 36.8 73 5
23:48:39.108081700 36.9 72 5
23:48:40.114685900 36.9 73 5
23:48:41.107116900 36.8 72 5
23:48:42.114699500 36.8 73 5
23:48:43.108956800 36.8 74 5
23:48:44.105869 36.8 75 5
23:51:52.036198900 36.8 87 9
23:51:53.035982100 36.7 88 9
23:51:54.032384700 36.6 89 9
23:51:55.042109100 36.6 90 9
23:51:56.034648100 36.6 91 9
23:51:57.043417200 36.7 90 9
23:51:58.037222700 36.6 91 9
23:51:59.034810400 36.7 92 9
23:52:00.032540200 36.6 92 9
23:52:01.046001100 36.7 91 9
23:52:02.040070800 36.7 92 9
23:52:03.033218100 36.7 92 9
23:52:04.040702900 36.7 92 9
23:52:05.032447800 36.6 91 9
23:52:06.045540700 36.7 92 9
23:52:07.036745100 36.7 93 9
23:52:08.045840200 36.7 94 9
23:52:09.035070700 36.6 94 9
23:52:10.046779300 36.6 94 9
23:52:11.044850500 36.7 93 9
23:52:12.040896 36.7 93 9
23:52:13.037055600 36.7 92 9
23:52:14.032594700 36.7 92 9
23:52:15.040211700 36.7 91 9
23:52:16.034278600 36.8 91 9
23:52:17.043120700 36.7 90 9
23:52:18.036919400 36.8 90 9
23:52:19.046020600 36.9 90 9
23:52:20.044836200 36.9 89 9
23:52:21.039109600 37.0 89 9
23:52:22.035023900 37.0 89 9
23:52:23.047151400 37.0 89 9
23:52:24.038059400 37.1 89 9
23:52:25.044926100 37.0 89 9
23:52:26.037980800 37.0 90 9
23:52:27.033343800 37.0 89 9
23:52:28.038539300 37.0 89 9
23:52:29.045956500 36.9 88 9
23:52:30.036114500 36.9 87 9
23:52:31.032041800 37.0 87 9
23:52:32.042672900 37.0 87 9
23:52:33.034326500 37.0 87 9
23:55:12.834818600 37.4 82 9
23:55:13.839711 37.2 82 9
23:55:14.844478 37.1 83 9
23:55:15.845302500 37.0 82 9
23:55:35.244419600 36.6 78 7
23:55:36.242387100 36.6 78 7
23:55:37.250560800 36.6 79 7
23:55:38.241624700 36.6 79 7
23:55:39.252834100 36.6 78 7
23:55:40.245996300 36.7 77 7
23:55:41.243284600 36.7 78 7
23:55:42.253983400 36.7 78 7
23:55:43.245762500 36.7 77 7
23:55:44.255573500 36.7 77 7
23:55:45.249726300 36.8 76 7
23:55:46.244689500 36.9 76 7
23:55:47.252568600 37.0 76 7
23:55:48.246972 37.0 77 7
23:55:49.254983500 37.0 77 7
23:55:50.248441500 37.0 77 7
23:55:51.253781600 37.0 77 7
23:55:52.252720900 37.0 77 7
23:55:53.254525300 37.0 78 7
23:55:54.251870700 37.0 79 7
00:05:46.918387900 36.8 75 5
00:05:47.932179800 36.7 76 5
00:05:48.922331400 36.7 75 5
00:05:49.919466 36.7 75 5
00:05:50.930265100 36.7 75 5
00:05:51.921714300 36.6 76 5
00:05:52.928226100 36.6 75 5
00:05:53.919498500 36.7 76 5
00:05:54.924370800 36.8 76 5
00:05:55.931635800 36.8 76 5
00:05:56.924421800 36.7 75 5
00:05:57.930343500 36.7 76 5
00:05:58.924551600 36.7 76 5
00:05:59.930839500 36.6 77 5
00:06:00.925449800 36.7 77 5
00:06:01.925251900 36.6 77 5
00:06:02.924426 36.6 76 5
00:06:03.922800300 36.7 76 5
00:06:04.933498 36.8 75 5
00:06:05.926258100 36.8 76 5
00:06:06.930326400 36.7 76 5
00:06:07.922689300 36.8 77 5
00:06:08.933433700 36.8 76 5
00:06:09.924470800 36.8 76 5
00:06:10.922462700 36.8 76 5
00:06:11.928302100 36.8 76 5
00:06:12.920511300 36.7 76 5
00:06:13.927639900 36.8 77 5
00:06:14.932460700 36.8 77 5
00:06:15.928648800 36.8 77 5
00:06:16.920424400 36.9 76 5
00:06:17.927954500 37.0 76 5
00:06:18.921714300 36.9 76 5
00:06:19.926230 36.8 75 5
