name=тетт аа 
00:09:22.586689200 36.8 87 7
00:09:23.589041500 36.7 88 7
00:09:24.593703 36.7 88 7
00:09:25.585305 36.7 88 7
00:09:26.596546500 36.8 88 7
00:09:27.587496400 36.9 87 7
00:09:28.594729100 37.0 87 7
00:09:29.592955900 37.1 86 7
00:09:30.585695400 37.1 86 7
00:09:31.581851300 37.2 86 7
00:09:32.590014100 37.2 87 7
00:09:33.581959300 37.1 87 7
00:09:34.593701800 37.1 88 7
00:09:35.581867800 37.1 88 7
00:09:36.586952 37.1 88 7
00:09:37.589992300 37.1 87 7
00:09:38.581997600 37.1 86 7
00:09:39.591512400 37.1 85 7
00:09:40.581058400 37.1 84 7
00:09:41.589842800 37.1 85 7
00:09:42.581040400 37.2 85 7
00:09:43.594994400 37.2 86 7
00:09:44.586277800 37.2 87 7
00:09:45.592008500 37.2 88 7
00:09:46.581913100 37.1 88 7
00:09:47.585061300 37.0 87 7
00:09:48.593746300 36.9 86 7
00:09:49.583961700 36.8 87 7
00:09:50.593968600 36.8 87 7
00:09:51.588278 36.9 87 7
00:09:52.595500900 36.9 86 7
00:09:53.593692100 36.9 86 7
00:09:54.582554900 36.9 85 7
00:09:55.589434500 36.9 84 7
00:09:56.596045800 37.0 84 7
00:09:57.593047200 37.1 83 7
00:09:58.588777500 37.0 82 7
00:09:59.595226200 37.0 82 7
00:10:00.591641400 37.0 83 7
00:10:01.587985800 37.0 83 7
00:10:02.582420400 36.9 83 7
00:10:03.588105700 36.9 84 7
00:10:04.595052800 37.0 84 7
00:10:05.584861900 37.0 85 7
00:10:06.582096100 37.0 86 7
00:10:07.592201 36.9 86 7
00:10:08.582866600 36.8 87 7
00:10:59.450965900 36.5 83 6
00:11:00.452725 36.6 82 6
00:11:01.454013100 36.7 83 6
00:11:02.451887500 36.6 84 6
00:11:03.446783600 36.6 83 6
00:11:04.460007400 36.6 84 6
00:11:05.455613800 36.6 85 6
00:11:06.447865500 36.6 86 6
00:11:07.454987400 36.6 87 6
00:11:08.449660600 36.6 87 6
00:11:09.458340400 36.6 88 6
00:11:10.451069300 36.6 88 6
00:11:11.458082700 36.6 88 6
00:11:12.454770400 36.7 87 6
00:11:13.460969200 36.7 86 6
00:11:14.447642300 36.6 85 6
00:11:15.455806400 36.6 85 6
00:11:16.447860100 36.6 85 6
00:11:17.452026300 36.6 86 6
00:11:18.454778 36.6 85 6
00:11:19.458917700 36.6 85 6
00:11:20.448352900 36.7 85 6
00:11:21.453820700 36.8 84 6
00:11:22.459168800 36.8 85 6
00:11:23.450707800 36.7 85 6
00:11:24.460003 36.7 86 6
00:11:25.452449200 36.6 86 6
00:11:26.459678200 36.7 86 6
00:11:27.451399200 36.7 85 6
00:11:28.458003400 36.8 84 6
00:11:29.454789800 36.8 85 6
00:11:30.458207900 36.7 85 6
00:11:31.449150100 36.6 85 6
00:11:32.459095300 36.7 85 6
00:11:33.450606500 36.6 85 6
00:11:34.447451400 36.6 86 6
00:11:35.459232400 36.6 86 6
00:11:36.461492100 36.7 85 6
00:11:37.452104800 36.6 86 6
00:11:38.457726300 36.7 86 6
00:11:39.447825700 36.8 87 6
00:11:40.454956700 36.9 87 6
00:11:41.450050800 37.0 87 6
00:11:42.458570100 36.9 86 6
00:11:43.452136300 37.0 86 6
00:11:44.448436900 36.9 85 6
00:11:45.453866300 36.9 84 6
00:11:46.459078500 37.0 83 6
00:11:47.448891100 37.1 82 6
00:11:48.459223800 37.2 83 6
00:11:49.457647 37.2 84 6
00:26:13.560850 36.6 70 9
00:26:14.566586200 36.6 71 9
00:26:15.571805700 36.6 71 9
00:26:16.565596900 36.6 72 9
00:26:17.566058900 36.6 73 9
00:26:18.559092300 36.6 73 9
00:26:19.568418700 36.7 72 9
00:26:20.567254900 36.7 71 9
00:26:21.559969 36.6 70 9
00:26:22.569025300 36.6 69 9
00:26:23.563106900 36.6 68 9
00:26:24.569090400 36.6 67 9
00:26:25.564673300 36.6 67 9
00:26:26.562790600 36.6 67 9
00:26:27.558128900 36.7 67 9
00:26:28.567160 36.8 67 9
00:26:29.563112200 36.9 66 9
00:26:30.567037100 37.0 66 9
00:26:31.559165 37.0 65 9
00:26:32.557147400 37.1 66 9
00:26:33.567962500 37.0 65 9
00:26:34.560994700 36.9 64 9
00:26:35.562560500 36.9 64 9
00:26:36.557336800 36.9 65 9
00:26:37.568339700 36.8 65 9
00:26:38.568979600 36.7 64 9
00:26:39.566923 36.7 64 9
