name=vb b 
03:16:09.350017800 36.7 73 9
03:16:10.360028200 36.7 74 9
03:16:11.347895800 36.6 74 9
03:16:12.354689200 36.7 75 9
03:16:13.361442800 36.6 76 9
03:16:14.357430 36.6 76 9
03:16:15.349849900 36.7 77 9
03:16:16.356148300 36.7 77 9
03:16:17.352158600 36.6 77 9
03:16:18.348137400 36.6 77 9
03:16:19.353677700 36.6 77 9
03:16:20.357387700 36.6 77 9
03:16:21.351425 36.6 77 9
03:16:22.359252 36.6 77 9
03:16:23.352063500 36.7 78 9
03:16:24.359869700 36.8 78 9
03:16:25.356164500 36.9 79 9
03:16:26.360073100 37.0 79 9
03:16:27.350868800 37.1 79 9
03:16:28.360806800 37.0 79 9
03:16:29.351366500 36.9 79 9
03:21:24.591832800 37.1 73 7
03:21:25.599679300 37.1 73 7
03:21:26.597326 37.0 73 7
03:21:27.607264 37.1 72 7
03:21:41.289975800 37.2 71 7
03:21:42.293284600 37.2 72 7
03:21:43.290291100 37.2 71 7
03:21:44.298382700 37.3 72 7
03:21:45.293834900 37.3 71 7
03:21:46.301467900 37.3 71 7
03:21:47.295979400 37.2 71 7
03:21:48.290565700 37.2 71 7
